[17:20:59] [main/INFO]: Setting user: Player292
[17:21:01] [Client thread/INFO]: LWJGL Version: 2.9.1
[17:21:09] [Client thread/INFO]: Reloading ResourceManager: Default, FMLFileResourcePack:Forge Mod Loader, FMLFileResourcePack:Minecraft Forge, FMLFileResourcePack:Magic Tech
[17:21:10] [Sound Library Loader/INFO]: Sound engine started
[17:21:12] [Client thread/INFO]: Created: 16x16 textures/blocks-atlas
[17:21:12] [Client thread/INFO]: Created: 16x16 textures/items-atlas
[17:21:12] [Client thread/INFO]: Reloading ResourceManager: Default, FMLFileResourcePack:Forge Mod Loader, FMLFileResourcePack:Minecraft Forge, FMLFileResourcePack:Magic Tech
[17:21:13] [Client thread/INFO]: Created: 512x256 textures/blocks-atlas
[17:21:13] [Client thread/INFO]: Created: 256x256 textures/items-atlas
[17:21:14] [Sound Library Loader/INFO]: Sound engine started
[17:21:19] [Server thread/INFO]: Starting integrated minecraft server version 1.7.10
[17:21:19] [Server thread/INFO]: Generating keypair
[17:21:19] [Server thread/INFO]: Preparing start region for level 0
[17:21:20] [Server thread/INFO]: Changing view distance to 12, from 10
[17:21:21] [Server thread/INFO]: Player292[local:E:c10a08bd] logged in with entity id 143 at (-3.0129814696053554, 73.3827908863734, 41.00427080451489)
[17:21:21] [Server thread/INFO]: Player292 joined the game
[17:21:25] [Server thread/INFO]: Player292 has just earned the achievement [Taking Inventory]
[17:21:25] [Client thread/INFO]: [CHAT] Player292 has just earned the achievement [Taking Inventory]
[17:21:41] [Client thread/INFO]: [CHAT] You do not have permission to use this command
[17:21:43] [Server thread/INFO]: Saving and pausing game...
[17:21:43] [Server thread/INFO]: Saving chunks for level 'New World'/Overworld
[17:21:43] [Server thread/INFO]: Saving chunks for level 'New World'/Nether
[17:21:43] [Server thread/INFO]: Saving chunks for level 'New World'/The End
[17:21:45] [Client thread/INFO]: Started on 58937
[17:21:45] [Client thread/INFO]: [CHAT] Local game hosted on port 58937
[17:21:46] [Server thread/INFO]: [Player292: Given [tile.blockGenerator.name] * 1 to Player292]
[17:21:46] [Client thread/INFO]: [CHAT] Given [tile.blockGenerator.name] * 1 to Player292
[17:23:21] [Client thread/INFO]: Stopping!
[17:23:21] [Server thread/INFO]: Stopping server
[17:23:21] [Server thread/INFO]: Saving players
[17:23:21] [Server thread/INFO]: Saving worlds
[17:23:21] [Server thread/INFO]: Saving chunks for level 'New World'/Overworld
[17:23:21] [Server thread/INFO]: Saving chunks for level 'New World'/Nether
[17:23:21] [Server thread/INFO]: Saving chunks for level 'New World'/The End
[17:23:21] [Client Shutdown Thread/INFO]: Stopping server
[17:23:21] [Client Shutdown Thread/INFO]: Saving players
